<?xml version="1.0" encoding="UTF-8"?>
<!-- Generated by org.testng.reporters.JUnitReportReporter -->
<testsuite skipped="1" hostname="Lenovo-PC" name="pkg.TestNG1" tests="2" failures="0" timestamp="21 Jul 2019 16:01:56 GMT" time="11.696" errors="0">
  <testcase name="Testsample" time="11.696" classname="pkg.TestNG1"/>
  <testcase name="Test2" classname="pkg.TestNG1">
    <skipped/>
  </testcase> <!-- Test2 -->
</testsuite> <!-- pkg.TestNG1 -->
