<?xml version="1.0" encoding="UTF-8"?>
<!-- Generated by org.testng.reporters.JUnitReportReporter -->
<testsuite skipped="0" hostname="Lenovo-PC" name="pkg.TestNGDemo" tests="1" failures="0" timestamp="20 Jul 2019 16:51:18 GMT" time="0.045" errors="0">
  <testcase name="TestLogin" time="0.045" classname="pkg.TestNGDemo"/>
</testsuite> <!-- pkg.TestNGDemo -->
