<?xml version="1.0" encoding="UTF-8"?>
<!-- Generated by org.testng.reporters.JUnitReportReporter -->
<testsuite skipped="0" hostname="Lenovo-PC" name="pkg.AjaxCallsHandling" tests="1" failures="0" timestamp="21 Jul 2019 15:47:38 GMT" time="1.019" errors="0">
  <testcase name="test_AjaxExample" time="1.019" classname="pkg.AjaxCallsHandling"/>
</testsuite> <!-- pkg.AjaxCallsHandling -->
